t=2025-03-14T18:24:38-0700 lvl=info msg="open config file" path=/home/noah/Sidework/repos/protondemand/ngrok.yml err=nil
t=2025-03-14T18:24:38-0700 lvl=info msg="starting web service" obj=web addr=127.0.0.1:4040 allow_hosts=[]
t=2025-03-14T18:24:38-0700 lvl=info msg="client session established" obj=tunnels.session
t=2025-03-14T18:24:38-0700 lvl=info msg="tunnel session started" obj=tunnels.session
t=2025-03-14T18:24:39-0700 lvl=info msg="started tunnel" obj=tunnels name=frontend addr=http://localhost:3001 url=https://48e9-75-80-36-3.ngrok-free.app
t=2025-03-14T18:24:39-0700 lvl=info msg="started tunnel" obj=tunnels name=backend addr=http://localhost:8000 url=https://5d7b-75-80-36-3.ngrok-free.app
t=2025-03-14T18:24:39-0700 lvl=info msg="update available" obj=updater
t=2025-03-14T18:25:04-0700 lvl=info msg="join connections" obj=join id=cadecf78ff30 l=127.0.0.1:8000 r=[2600:8801:ca00:3c50:4902:c67c:df06:864a]:61416
t=2025-03-14T18:25:13-0700 lvl=info msg="join connections" obj=join id=14dd829832f5 l=[::1]:3001 r=[2600:8801:ca00:3c50:4902:c67c:df06:864a]:61448
t=2025-03-14T18:25:15-0700 lvl=info msg="join connections" obj=join id=a9043de5a566 l=[::1]:3001 r=[2600:8801:ca00:3c50:4902:c67c:df06:864a]:61448
t=2025-03-14T18:25:15-0700 lvl=info msg="join connections" obj=join id=fd3aaf534fac l=[::1]:3001 r=[2600:8801:ca00:3c50:4902:c67c:df06:864a]:61448
t=2025-03-14T18:25:15-0700 lvl=info msg="join connections" obj=join id=4f6d39221cf6 l=[::1]:3001 r=[2600:8801:ca00:3c50:4902:c67c:df06:864a]:61448
t=2025-03-14T18:25:15-0700 lvl=info msg="join connections" obj=join id=1058e6eb43ff l=[::1]:3001 r=[2600:8801:ca00:3c50:4902:c67c:df06:864a]:61448
t=2025-03-14T18:25:15-0700 lvl=info msg="join connections" obj=join id=e6b15df9ad5f l=[::1]:3001 r=[2600:8801:ca00:3c50:4902:c67c:df06:864a]:61448
t=2025-03-14T18:25:15-0700 lvl=info msg="join connections" obj=join id=676f6d3f7fd8 l=[::1]:3001 r=[2600:8801:ca00:3c50:4902:c67c:df06:864a]:61448
t=2025-03-14T18:25:15-0700 lvl=info msg="join connections" obj=join id=e05d2e146f52 l=[::1]:3001 r=[2600:8801:ca00:3c50:4902:c67c:df06:864a]:61448
t=2025-03-14T18:25:27-0700 lvl=info msg="join connections" obj=join id=bc08c3cfe1dc l=[::1]:3001 r=[2600:8801:ca00:3c50:4902:c67c:df06:864a]:61527
t=2025-03-14T18:25:27-0700 lvl=info msg="join connections" obj=join id=66c46246b254 l=[::1]:3001 r=[2600:8801:ca00:3c50:4902:c67c:df06:864a]:61527
t=2025-03-14T18:25:27-0700 lvl=info msg="join connections" obj=join id=0e9456178af7 l=[::1]:3001 r=[2600:8801:ca00:3c50:4902:c67c:df06:864a]:61527
t=2025-03-14T18:25:27-0700 lvl=info msg="join connections" obj=join id=1cfa6075eaf4 l=[::1]:3001 r=[2600:8801:ca00:3c50:4902:c67c:df06:864a]:61527
t=2025-03-14T18:25:27-0700 lvl=info msg="join connections" obj=join id=eaeb5a878dda l=[::1]:3001 r=[2600:8801:ca00:3c50:4902:c67c:df06:864a]:61527
t=2025-03-14T18:25:27-0700 lvl=info msg="join connections" obj=join id=64c76caa63d3 l=[::1]:3001 r=[2600:8801:ca00:3c50:4902:c67c:df06:864a]:61527
t=2025-03-14T18:25:27-0700 lvl=info msg="join connections" obj=join id=0dc3a81ba935 l=[::1]:3001 r=[2600:8801:ca00:3c50:4902:c67c:df06:864a]:61527
t=2025-03-14T18:25:28-0700 lvl=info msg="join connections" obj=join id=e45cd6b4d68a l=[::1]:3001 r=[2600:8801:ca00:3c50:4902:c67c:df06:864a]:61532
t=2025-03-14T18:25:29-0700 lvl=info msg="join connections" obj=join id=c9b1abb8e700 l=[::1]:3001 r=[2600:8801:ca00:3c50:4902:c67c:df06:864a]:61527
t=2025-03-14T18:25:29-0700 lvl=info msg="join connections" obj=join id=21372db9e830 l=[::1]:3001 r=[2600:8801:ca00:3c50:4902:c67c:df06:864a]:61527
t=2025-03-14T18:25:29-0700 lvl=info msg="join connections" obj=join id=7ae3b5261f05 l=[::1]:3001 r=[2600:8801:ca00:3c50:4902:c67c:df06:864a]:61527
t=2025-03-14T18:25:29-0700 lvl=info msg="join connections" obj=join id=d930c1ed90c4 l=[::1]:3001 r=[2600:8801:ca00:3c50:4902:c67c:df06:864a]:61527
t=2025-03-14T18:25:30-0700 lvl=info msg="join connections" obj=join id=6f9f996f1b8e l=[::1]:3001 r=[2600:8801:ca00:3c50:4902:c67c:df06:864a]:61527
t=2025-03-14T18:25:30-0700 lvl=info msg="join connections" obj=join id=f185163c6f51 l=[::1]:3001 r=[2600:8801:ca00:3c50:4902:c67c:df06:864a]:61527
t=2025-03-14T18:25:30-0700 lvl=info msg="join connections" obj=join id=a032d04cf10d l=[::1]:3001 r=[2600:8801:ca00:3c50:4902:c67c:df06:864a]:61527
t=2025-03-14T18:25:30-0700 lvl=info msg="join connections" obj=join id=35c5c036c36b l=[::1]:3001 r=[2600:8801:ca00:3c50:4902:c67c:df06:864a]:61527
t=2025-03-14T18:25:41-0700 lvl=info msg="join connections" obj=join id=8dd7ee1da910 l=[::1]:3001 r=[2600:8801:ca00:3c50:4902:c67c:df06:864a]:61592
t=2025-03-14T18:25:41-0700 lvl=info msg="join connections" obj=join id=2ad3a97260f6 l=[::1]:3001 r=[2600:8801:ca00:3c50:4902:c67c:df06:864a]:61592
t=2025-03-14T18:25:41-0700 lvl=info msg="join connections" obj=join id=cb805fbc674a l=[::1]:3001 r=[2600:8801:ca00:3c50:4902:c67c:df06:864a]:61592
t=2025-03-14T18:25:41-0700 lvl=info msg="join connections" obj=join id=025dd95d96e7 l=[::1]:3001 r=[2600:8801:ca00:3c50:4902:c67c:df06:864a]:61592
t=2025-03-14T18:25:42-0700 lvl=info msg="join connections" obj=join id=e2f1c6ca8fef l=[::1]:3001 r=[2600:8801:ca00:3c50:4902:c67c:df06:864a]:61592
t=2025-03-14T18:25:43-0700 lvl=info msg="join connections" obj=join id=61f859ae8600 l=[::1]:3001 r=[2600:8801:ca00:3c50:4902:c67c:df06:864a]:61592
t=2025-03-14T18:25:43-0700 lvl=info msg="join connections" obj=join id=0d166b67564c l=[::1]:3001 r=[2600:8801:ca00:3c50:4902:c67c:df06:864a]:61592
t=2025-03-14T18:25:43-0700 lvl=info msg="join connections" obj=join id=0fc662de8277 l=[::1]:3001 r=[2600:8801:ca00:3c50:4902:c67c:df06:864a]:61592
t=2025-03-14T18:25:43-0700 lvl=info msg="join connections" obj=join id=3e90837abf14 l=[::1]:3001 r=[2600:8801:ca00:3c50:4902:c67c:df06:864a]:61592
t=2025-03-14T18:25:43-0700 lvl=info msg="join connections" obj=join id=4f8bae2afa7c l=[::1]:3001 r=[2600:8801:ca00:3c50:4902:c67c:df06:864a]:61592
t=2025-03-14T18:25:43-0700 lvl=info msg="join connections" obj=join id=863948752166 l=[::1]:3001 r=[2600:8801:ca00:3c50:4902:c67c:df06:864a]:61592
t=2025-03-14T18:25:43-0700 lvl=info msg="join connections" obj=join id=c2172bc93b20 l=[::1]:3001 r=[2600:8801:ca00:3c50:4902:c67c:df06:864a]:61592
t=2025-03-14T18:25:43-0700 lvl=info msg="join connections" obj=join id=077b3522b51c l=[::1]:3001 r=[2600:8801:ca00:3c50:4902:c67c:df06:864a]:61592
t=2025-03-14T18:25:43-0700 lvl=info msg="join connections" obj=join id=f1f30c30cf30 l=[::1]:3001 r=[2600:8801:ca00:3c50:4902:c67c:df06:864a]:61592
t=2025-03-14T18:25:43-0700 lvl=info msg="join connections" obj=join id=978ae9be6471 l=[::1]:3001 r=[2600:8801:ca00:3c50:4902:c67c:df06:864a]:61592
t=2025-03-14T18:25:43-0700 lvl=info msg="join connections" obj=join id=aad5636aa386 l=[::1]:3001 r=[2600:8801:ca00:3c50:4902:c67c:df06:864a]:61592
t=2025-03-14T18:25:43-0700 lvl=info msg="join connections" obj=join id=a8f79fc9a499 l=[::1]:3001 r=[2600:8801:ca00:3c50:4902:c67c:df06:864a]:61592
t=2025-03-14T18:25:43-0700 lvl=info msg="join connections" obj=join id=fa9ef27c0595 l=[::1]:3001 r=[2600:8801:ca00:3c50:4902:c67c:df06:864a]:61592
t=2025-03-14T18:25:43-0700 lvl=info msg="join connections" obj=join id=d27a96c17948 l=[::1]:3001 r=[2600:8801:ca00:3c50:4902:c67c:df06:864a]:61592
t=2025-03-14T18:25:43-0700 lvl=info msg="join connections" obj=join id=725674c09709 l=[::1]:3001 r=[2600:8801:ca00:3c50:4902:c67c:df06:864a]:61592
t=2025-03-14T18:25:43-0700 lvl=info msg="join connections" obj=join id=2df7730e6082 l=[::1]:3001 r=[2600:8801:ca00:3c50:4902:c67c:df06:864a]:61592
t=2025-03-14T18:25:43-0700 lvl=info msg="join connections" obj=join id=e20583c72b5c l=[::1]:3001 r=[2600:8801:ca00:3c50:4902:c67c:df06:864a]:61592
t=2025-03-14T18:25:44-0700 lvl=info msg="join connections" obj=join id=3eade8ccdf24 l=[::1]:3001 r=[2600:8801:ca00:3c50:4902:c67c:df06:864a]:61592
t=2025-03-14T18:25:44-0700 lvl=info msg="join connections" obj=join id=2bc48d3c8e26 l=[::1]:3001 r=[2600:8801:ca00:3c50:4902:c67c:df06:864a]:61592
t=2025-03-14T18:25:44-0700 lvl=info msg="join connections" obj=join id=8f8d47a41f77 l=[::1]:3001 r=[2600:8801:ca00:3c50:4902:c67c:df06:864a]:61592
t=2025-03-14T18:25:44-0700 lvl=info msg="join connections" obj=join id=22dd7f260e19 l=[::1]:3001 r=[2600:8801:ca00:3c50:4902:c67c:df06:864a]:61592
t=2025-03-14T18:25:44-0700 lvl=info msg="join connections" obj=join id=3e69b6816437 l=[::1]:3001 r=[2600:8801:ca00:3c50:4902:c67c:df06:864a]:61592
t=2025-03-14T18:25:44-0700 lvl=info msg="join connections" obj=join id=d4eb1abd007b l=[::1]:3001 r=[2600:8801:ca00:3c50:4902:c67c:df06:864a]:61592
t=2025-03-14T18:25:44-0700 lvl=info msg="join connections" obj=join id=7ed37efb92f5 l=[::1]:3001 r=[2600:8801:ca00:3c50:4902:c67c:df06:864a]:61592
t=2025-03-14T18:25:44-0700 lvl=info msg="join connections" obj=join id=8e46edc164a3 l=[::1]:3001 r=[2600:8801:ca00:3c50:4902:c67c:df06:864a]:61592
t=2025-03-14T18:25:44-0700 lvl=info msg="join connections" obj=join id=c76478934854 l=[::1]:3001 r=[2600:8801:ca00:3c50:4902:c67c:df06:864a]:61592
t=2025-03-14T18:25:44-0700 lvl=info msg="join connections" obj=join id=91042cac8445 l=[::1]:3001 r=[2600:8801:ca00:3c50:4902:c67c:df06:864a]:61592
t=2025-03-14T18:25:44-0700 lvl=info msg="join connections" obj=join id=a9175488ebe7 l=[::1]:3001 r=[2600:8801:ca00:3c50:4902:c67c:df06:864a]:61592
t=2025-03-14T18:25:44-0700 lvl=info msg="join connections" obj=join id=f24901d17863 l=[::1]:3001 r=[2600:8801:ca00:3c50:4902:c67c:df06:864a]:61592
t=2025-03-14T18:25:44-0700 lvl=info msg="join connections" obj=join id=c78ef027fcaa l=[::1]:3001 r=[2600:8801:ca00:3c50:4902:c67c:df06:864a]:61592
t=2025-03-14T18:25:44-0700 lvl=info msg="join connections" obj=join id=653e71ebc181 l=[::1]:3001 r=[2600:8801:ca00:3c50:4902:c67c:df06:864a]:61592
t=2025-03-14T18:25:44-0700 lvl=info msg="join connections" obj=join id=90533e8a7968 l=[::1]:3001 r=[2600:8801:ca00:3c50:4902:c67c:df06:864a]:61592
t=2025-03-14T18:25:44-0700 lvl=info msg="join connections" obj=join id=26b250507296 l=[::1]:3001 r=[2600:8801:ca00:3c50:4902:c67c:df06:864a]:61592
t=2025-03-14T18:25:45-0700 lvl=info msg="join connections" obj=join id=49712eaa0e99 l=[::1]:3001 r=[2600:8801:ca00:3c50:4902:c67c:df06:864a]:61592
t=2025-03-14T18:25:45-0700 lvl=info msg="join connections" obj=join id=37b7b0c3b411 l=[::1]:3001 r=[2600:8801:ca00:3c50:4902:c67c:df06:864a]:61592
t=2025-03-14T18:25:45-0700 lvl=info msg="join connections" obj=join id=cd0e05559a70 l=[::1]:3001 r=[2600:8801:ca00:3c50:4902:c67c:df06:864a]:61592
t=2025-03-14T18:25:45-0700 lvl=info msg="join connections" obj=join id=8099ab6d422d l=[::1]:3001 r=[2600:8801:ca00:3c50:4902:c67c:df06:864a]:61592
t=2025-03-14T18:25:45-0700 lvl=info msg="join connections" obj=join id=bb7ef154bed8 l=[::1]:3001 r=[2600:8801:ca00:3c50:4902:c67c:df06:864a]:61592
t=2025-03-14T18:25:45-0700 lvl=info msg="join connections" obj=join id=819024e901a9 l=[::1]:3001 r=[2600:8801:ca00:3c50:4902:c67c:df06:864a]:61592
t=2025-03-14T18:25:45-0700 lvl=info msg="join connections" obj=join id=e4c79ad6bb77 l=[::1]:3001 r=[2600:8801:ca00:3c50:4902:c67c:df06:864a]:61592
t=2025-03-14T18:25:45-0700 lvl=info msg="join connections" obj=join id=da9b49090be5 l=[::1]:3001 r=[2600:8801:ca00:3c50:4902:c67c:df06:864a]:61592
t=2025-03-14T18:25:45-0700 lvl=info msg="join connections" obj=join id=21a9d9580fc0 l=[::1]:3001 r=[2600:8801:ca00:3c50:4902:c67c:df06:864a]:61592
t=2025-03-14T18:25:45-0700 lvl=info msg="join connections" obj=join id=f4796cf1d464 l=[::1]:3001 r=[2600:8801:ca00:3c50:4902:c67c:df06:864a]:61592
t=2025-03-14T18:25:45-0700 lvl=info msg="join connections" obj=join id=0847da97ad46 l=[::1]:3001 r=[2600:8801:ca00:3c50:4902:c67c:df06:864a]:61592
t=2025-03-14T18:25:45-0700 lvl=info msg="join connections" obj=join id=1a418fd3cf84 l=[::1]:3001 r=[2600:8801:ca00:3c50:4902:c67c:df06:864a]:61592
t=2025-03-14T18:25:45-0700 lvl=info msg="join connections" obj=join id=8645ef07c827 l=[::1]:3001 r=[2600:8801:ca00:3c50:4902:c67c:df06:864a]:61592
t=2025-03-14T18:25:46-0700 lvl=info msg="join connections" obj=join id=b54372e31a41 l=[::1]:3001 r=[2600:8801:ca00:3c50:4902:c67c:df06:864a]:61592
t=2025-03-14T18:25:46-0700 lvl=info msg="join connections" obj=join id=ef703f05dddf l=[::1]:3001 r=[2600:8801:ca00:3c50:4902:c67c:df06:864a]:61592
t=2025-03-14T18:25:46-0700 lvl=info msg="join connections" obj=join id=9a61e338474f l=[::1]:3001 r=[2600:8801:ca00:3c50:4902:c67c:df06:864a]:61592
t=2025-03-14T18:25:46-0700 lvl=info msg="join connections" obj=join id=49a978b5d6fb l=[::1]:3001 r=[2600:8801:ca00:3c50:4902:c67c:df06:864a]:61592
t=2025-03-14T18:25:46-0700 lvl=info msg="join connections" obj=join id=a5194964ed8b l=[::1]:3001 r=[2600:8801:ca00:3c50:4902:c67c:df06:864a]:61592
t=2025-03-14T18:25:46-0700 lvl=info msg="join connections" obj=join id=db64a78afba8 l=[::1]:3001 r=[2600:8801:ca00:3c50:4902:c67c:df06:864a]:61592
t=2025-03-14T18:25:46-0700 lvl=info msg="join connections" obj=join id=8763e0a914e2 l=[::1]:3001 r=[2600:8801:ca00:3c50:4902:c67c:df06:864a]:61592
t=2025-03-14T18:25:46-0700 lvl=info msg="join connections" obj=join id=97066857f97f l=[::1]:3001 r=[2600:8801:ca00:3c50:4902:c67c:df06:864a]:61592
t=2025-03-14T18:25:46-0700 lvl=info msg="join connections" obj=join id=62347facca27 l=[::1]:3001 r=[2600:8801:ca00:3c50:4902:c67c:df06:864a]:61592
t=2025-03-14T18:25:46-0700 lvl=info msg="join connections" obj=join id=756df0dae815 l=[::1]:3001 r=[2600:8801:ca00:3c50:4902:c67c:df06:864a]:61592
t=2025-03-14T18:25:46-0700 lvl=info msg="join connections" obj=join id=363bfa615981 l=[::1]:3001 r=[2600:8801:ca00:3c50:4902:c67c:df06:864a]:61592
t=2025-03-14T18:25:46-0700 lvl=info msg="join connections" obj=join id=42d92393c98f l=[::1]:3001 r=[2600:8801:ca00:3c50:4902:c67c:df06:864a]:61592
t=2025-03-14T18:25:46-0700 lvl=info msg="join connections" obj=join id=d1c2b8b15e98 l=[::1]:3001 r=[2600:8801:ca00:3c50:4902:c67c:df06:864a]:61592
t=2025-03-14T18:25:46-0700 lvl=info msg="join connections" obj=join id=635edefbadfe l=[::1]:3001 r=[2600:8801:ca00:3c50:4902:c67c:df06:864a]:61592
t=2025-03-14T18:25:46-0700 lvl=info msg="join connections" obj=join id=7986f3607e56 l=[::1]:3001 r=[2600:8801:ca00:3c50:4902:c67c:df06:864a]:61592
t=2025-03-14T18:25:47-0700 lvl=info msg="join connections" obj=join id=0b38b463614c l=[::1]:3001 r=[2600:8801:ca00:3c50:4902:c67c:df06:864a]:61592
t=2025-03-14T18:25:47-0700 lvl=info msg="join connections" obj=join id=612bf333dd87 l=[::1]:3001 r=[2600:8801:ca00:3c50:4902:c67c:df06:864a]:61592
t=2025-03-14T18:25:47-0700 lvl=info msg="join connections" obj=join id=5e3bc99d6a2a l=[::1]:3001 r=[2600:8801:ca00:3c50:4902:c67c:df06:864a]:61592
t=2025-03-14T18:25:47-0700 lvl=info msg="join connections" obj=join id=de54c5627775 l=[::1]:3001 r=[2600:8801:ca00:3c50:4902:c67c:df06:864a]:61592
t=2025-03-14T18:25:47-0700 lvl=info msg="join connections" obj=join id=f82bdc9a75a9 l=[::1]:3001 r=[2600:8801:ca00:3c50:4902:c67c:df06:864a]:61592
t=2025-03-14T18:25:47-0700 lvl=info msg="join connections" obj=join id=2af8b50a0489 l=[::1]:3001 r=[2600:8801:ca00:3c50:4902:c67c:df06:864a]:61592
t=2025-03-14T18:25:47-0700 lvl=info msg="join connections" obj=join id=6d70cbe835d4 l=[::1]:3001 r=[2600:8801:ca00:3c50:4902:c67c:df06:864a]:61592
t=2025-03-14T18:25:47-0700 lvl=info msg="join connections" obj=join id=e5040bf39b91 l=[::1]:3001 r=[2600:8801:ca00:3c50:4902:c67c:df06:864a]:61592
t=2025-03-14T18:25:47-0700 lvl=info msg="join connections" obj=join id=4e8b1dca3c03 l=[::1]:3001 r=[2600:8801:ca00:3c50:4902:c67c:df06:864a]:61592
t=2025-03-14T18:25:47-0700 lvl=info msg="join connections" obj=join id=2e2332b787f5 l=[::1]:3001 r=[2600:8801:ca00:3c50:4902:c67c:df06:864a]:61592
t=2025-03-14T18:25:47-0700 lvl=info msg="join connections" obj=join id=38ad2465f21a l=[::1]:3001 r=[2600:8801:ca00:3c50:4902:c67c:df06:864a]:61592
t=2025-03-14T18:25:47-0700 lvl=info msg="join connections" obj=join id=a85d5f26e995 l=[::1]:3001 r=[2600:8801:ca00:3c50:4902:c67c:df06:864a]:61592
t=2025-03-14T18:25:47-0700 lvl=info msg="join connections" obj=join id=7971fefae438 l=[::1]:3001 r=[2600:8801:ca00:3c50:4902:c67c:df06:864a]:61592
t=2025-03-14T18:25:47-0700 lvl=info msg="join connections" obj=join id=fb5fc9f65c0d l=[::1]:3001 r=[2600:8801:ca00:3c50:4902:c67c:df06:864a]:61592
t=2025-03-14T18:25:47-0700 lvl=info msg="join connections" obj=join id=0a16b7a4d1b0 l=[::1]:3001 r=[2600:8801:ca00:3c50:4902:c67c:df06:864a]:61592
t=2025-03-14T18:25:48-0700 lvl=info msg="join connections" obj=join id=6a4c7d35504a l=[::1]:3001 r=[2600:8801:ca00:3c50:4902:c67c:df06:864a]:61592
t=2025-03-14T18:25:48-0700 lvl=info msg="join connections" obj=join id=bb8d2efae647 l=[::1]:3001 r=[2600:8801:ca00:3c50:4902:c67c:df06:864a]:61592
t=2025-03-14T18:25:48-0700 lvl=info msg="join connections" obj=join id=a3612ec15349 l=[::1]:3001 r=[2600:8801:ca00:3c50:4902:c67c:df06:864a]:61592
t=2025-03-14T18:25:48-0700 lvl=info msg="join connections" obj=join id=8f9988969437 l=[::1]:3001 r=[2600:8801:ca00:3c50:4902:c67c:df06:864a]:61592
t=2025-03-14T18:25:48-0700 lvl=info msg="join connections" obj=join id=def95a82de9b l=[::1]:3001 r=[2600:8801:ca00:3c50:4902:c67c:df06:864a]:61592
t=2025-03-14T18:25:48-0700 lvl=info msg="join connections" obj=join id=bbe233c37687 l=[::1]:3001 r=[2600:8801:ca00:3c50:4902:c67c:df06:864a]:61592
t=2025-03-14T18:25:48-0700 lvl=info msg="join connections" obj=join id=b2e555eae033 l=[::1]:3001 r=[2600:8801:ca00:3c50:4902:c67c:df06:864a]:61592
t=2025-03-14T18:25:48-0700 lvl=info msg="join connections" obj=join id=fd6b6b04243f l=[::1]:3001 r=[2600:8801:ca00:3c50:4902:c67c:df06:864a]:61592
t=2025-03-14T18:25:48-0700 lvl=info msg="join connections" obj=join id=cec74f7c47b3 l=[::1]:3001 r=[2600:8801:ca00:3c50:4902:c67c:df06:864a]:61592
t=2025-03-14T18:25:48-0700 lvl=info msg="join connections" obj=join id=500e0ba1c247 l=[::1]:3001 r=[2600:8801:ca00:3c50:4902:c67c:df06:864a]:61592
t=2025-03-14T18:25:48-0700 lvl=info msg="join connections" obj=join id=32eb2e851c6c l=[::1]:3001 r=[2600:8801:ca00:3c50:4902:c67c:df06:864a]:61592
t=2025-03-14T18:25:48-0700 lvl=info msg="join connections" obj=join id=b97b67ee351f l=[::1]:3001 r=[2600:8801:ca00:3c50:4902:c67c:df06:864a]:61592
t=2025-03-14T18:25:48-0700 lvl=info msg="join connections" obj=join id=712f747c9d75 l=[::1]:3001 r=[2600:8801:ca00:3c50:4902:c67c:df06:864a]:61592
t=2025-03-14T18:25:48-0700 lvl=info msg="join connections" obj=join id=6610958fa9d0 l=[::1]:3001 r=[2600:8801:ca00:3c50:4902:c67c:df06:864a]:61592
t=2025-03-14T18:25:48-0700 lvl=info msg="join connections" obj=join id=7f1fd8140591 l=[::1]:3001 r=[2600:8801:ca00:3c50:4902:c67c:df06:864a]:61592
t=2025-03-14T18:25:48-0700 lvl=info msg="join connections" obj=join id=ba888472de37 l=[::1]:3001 r=[2600:8801:ca00:3c50:4902:c67c:df06:864a]:61592
t=2025-03-14T18:25:49-0700 lvl=info msg="join connections" obj=join id=d46c8e737346 l=[::1]:3001 r=[2600:8801:ca00:3c50:4902:c67c:df06:864a]:61592
t=2025-03-14T18:25:49-0700 lvl=info msg="join connections" obj=join id=6cb0ed078e22 l=[::1]:3001 r=[2600:8801:ca00:3c50:4902:c67c:df06:864a]:61592
t=2025-03-14T18:25:49-0700 lvl=info msg="join connections" obj=join id=07ada213ae8f l=[::1]:3001 r=[2600:8801:ca00:3c50:4902:c67c:df06:864a]:61592
t=2025-03-14T18:25:49-0700 lvl=info msg="join connections" obj=join id=8a0764c8e91c l=[::1]:3001 r=[2600:8801:ca00:3c50:4902:c67c:df06:864a]:61592
t=2025-03-14T18:25:49-0700 lvl=info msg="join connections" obj=join id=6f15dbd68fed l=[::1]:3001 r=[2600:8801:ca00:3c50:4902:c67c:df06:864a]:61625
t=2025-03-14T18:25:49-0700 lvl=info msg="join connections" obj=join id=00f16a141f96 l=[::1]:3001 r=[2600:8801:ca00:3c50:4902:c67c:df06:864a]:61625
t=2025-03-14T18:25:49-0700 lvl=info msg="join connections" obj=join id=9c9b6e229daa l=[::1]:3001 r=[2600:8801:ca00:3c50:4902:c67c:df06:864a]:61625
t=2025-03-14T18:25:49-0700 lvl=info msg="join connections" obj=join id=bcb9bc61ef0f l=[::1]:3001 r=[2600:8801:ca00:3c50:4902:c67c:df06:864a]:61626
t=2025-03-14T18:25:49-0700 lvl=info msg="join connections" obj=join id=1b386ff551b5 l=[::1]:3001 r=[2600:8801:ca00:3c50:4902:c67c:df06:864a]:61626
t=2025-03-14T18:25:49-0700 lvl=info msg="join connections" obj=join id=bb7d05ffe595 l=[::1]:3001 r=[2600:8801:ca00:3c50:4902:c67c:df06:864a]:61626
t=2025-03-14T18:25:49-0700 lvl=info msg="join connections" obj=join id=443a86589758 l=[::1]:3001 r=[2600:8801:ca00:3c50:4902:c67c:df06:864a]:61626
t=2025-03-14T18:25:49-0700 lvl=info msg="join connections" obj=join id=4a56941eb6d3 l=[::1]:3001 r=[2600:8801:ca00:3c50:4902:c67c:df06:864a]:61626
t=2025-03-14T18:25:49-0700 lvl=info msg="join connections" obj=join id=1cc6e0e5dae5 l=[::1]:3001 r=[2600:8801:ca00:3c50:4902:c67c:df06:864a]:61627
t=2025-03-14T18:25:49-0700 lvl=info msg="join connections" obj=join id=7af42d534538 l=[::1]:3001 r=[2600:8801:ca00:3c50:4902:c67c:df06:864a]:61627
t=2025-03-14T18:25:49-0700 lvl=info msg="join connections" obj=join id=c32d28a3c742 l=[::1]:3001 r=[2600:8801:ca00:3c50:4902:c67c:df06:864a]:61627
t=2025-03-14T18:25:49-0700 lvl=info msg="join connections" obj=join id=6c70e2a79be2 l=[::1]:3001 r=[2600:8801:ca00:3c50:4902:c67c:df06:864a]:61632
t=2025-03-14T18:25:49-0700 lvl=info msg="join connections" obj=join id=d53a58a2253f l=[::1]:3001 r=[2600:8801:ca00:3c50:4902:c67c:df06:864a]:61632
t=2025-03-14T18:25:49-0700 lvl=info msg="join connections" obj=join id=870503bdb642 l=[::1]:3001 r=[2600:8801:ca00:3c50:4902:c67c:df06:864a]:61632
t=2025-03-14T18:25:49-0700 lvl=info msg="join connections" obj=join id=43959ed151b5 l=[::1]:3001 r=[2600:8801:ca00:3c50:4902:c67c:df06:864a]:61632
t=2025-03-14T18:25:49-0700 lvl=info msg="join connections" obj=join id=cbad6b78d292 l=[::1]:3001 r=[2600:8801:ca00:3c50:4902:c67c:df06:864a]:61632
t=2025-03-14T18:25:49-0700 lvl=info msg="join connections" obj=join id=367c329bf78c l=[::1]:3001 r=[2600:8801:ca00:3c50:4902:c67c:df06:864a]:61634
t=2025-03-14T18:25:49-0700 lvl=info msg="join connections" obj=join id=619be0f58879 l=[::1]:3001 r=[2600:8801:ca00:3c50:4902:c67c:df06:864a]:61634
t=2025-03-14T18:25:49-0700 lvl=info msg="join connections" obj=join id=362c56e41da0 l=[::1]:3001 r=[2600:8801:ca00:3c50:4902:c67c:df06:864a]:61634
t=2025-03-14T18:25:49-0700 lvl=info msg="join connections" obj=join id=79101e74761c l=[::1]:3001 r=[2600:8801:ca00:3c50:4902:c67c:df06:864a]:61634
t=2025-03-14T18:25:49-0700 lvl=info msg="join connections" obj=join id=8bd3cbcc1a56 l=[::1]:3001 r=[2600:8801:ca00:3c50:4902:c67c:df06:864a]:61637
t=2025-03-14T18:25:49-0700 lvl=info msg="join connections" obj=join id=b19c28437683 l=[::1]:3001 r=[2600:8801:ca00:3c50:4902:c67c:df06:864a]:61637
t=2025-03-14T18:25:50-0700 lvl=info msg="join connections" obj=join id=1b36862a0bb5 l=[::1]:3001 r=[2600:8801:ca00:3c50:4902:c67c:df06:864a]:61642
t=2025-03-14T18:25:50-0700 lvl=info msg="join connections" obj=join id=376093b1f697 l=[::1]:3001 r=[2600:8801:ca00:3c50:4902:c67c:df06:864a]:61642
t=2025-03-14T18:25:50-0700 lvl=info msg="join connections" obj=join id=dfb49163d6f1 l=[::1]:3001 r=[2600:8801:ca00:3c50:4902:c67c:df06:864a]:61642
t=2025-03-14T18:25:50-0700 lvl=info msg="join connections" obj=join id=f78291ad24af l=[::1]:3001 r=[2600:8801:ca00:3c50:4902:c67c:df06:864a]:61642
t=2025-03-14T18:25:50-0700 lvl=info msg="join connections" obj=join id=c9884cbfd159 l=[::1]:3001 r=[2600:8801:ca00:3c50:4902:c67c:df06:864a]:61642
t=2025-03-14T18:25:50-0700 lvl=info msg="join connections" obj=join id=0576c7990dea l=[::1]:3001 r=[2600:8801:ca00:3c50:4902:c67c:df06:864a]:61646
t=2025-03-14T18:25:50-0700 lvl=info msg="join connections" obj=join id=a5d8c0e58dbd l=[::1]:3001 r=[2600:8801:ca00:3c50:4902:c67c:df06:864a]:61646
t=2025-03-14T18:25:50-0700 lvl=info msg="join connections" obj=join id=b88c5b5369f1 l=[::1]:3001 r=[2600:8801:ca00:3c50:4902:c67c:df06:864a]:61646
t=2025-03-14T18:25:50-0700 lvl=info msg="join connections" obj=join id=c4b22a0cea00 l=[::1]:3001 r=[2600:8801:ca00:3c50:4902:c67c:df06:864a]:61646
t=2025-03-14T18:25:50-0700 lvl=info msg="join connections" obj=join id=aeb365eac795 l=[::1]:3001 r=[2600:8801:ca00:3c50:4902:c67c:df06:864a]:61646
t=2025-03-14T18:25:50-0700 lvl=info msg="join connections" obj=join id=9d6ae2fadf84 l=[::1]:3001 r=[2600:8801:ca00:3c50:4902:c67c:df06:864a]:61646
t=2025-03-14T18:25:50-0700 lvl=info msg="join connections" obj=join id=7cb1ee57bdd6 l=[::1]:3001 r=[2600:8801:ca00:3c50:4902:c67c:df06:864a]:61646
t=2025-03-14T18:25:50-0700 lvl=info msg="join connections" obj=join id=9a17b0243cb8 l=[::1]:3001 r=[2600:8801:ca00:3c50:4902:c67c:df06:864a]:61646
t=2025-03-14T18:25:50-0700 lvl=info msg="join connections" obj=join id=b21af4dd5afe l=[::1]:3001 r=[2600:8801:ca00:3c50:4902:c67c:df06:864a]:61650
t=2025-03-14T18:25:50-0700 lvl=info msg="join connections" obj=join id=791721bb6dd5 l=[::1]:3001 r=[2600:8801:ca00:3c50:4902:c67c:df06:864a]:61650
t=2025-03-14T18:25:50-0700 lvl=info msg="join connections" obj=join id=01ef8da30b2c l=[::1]:3001 r=[2600:8801:ca00:3c50:4902:c67c:df06:864a]:61650
t=2025-03-14T18:25:50-0700 lvl=info msg="join connections" obj=join id=339858d32d0f l=[::1]:3001 r=[2600:8801:ca00:3c50:4902:c67c:df06:864a]:61651
t=2025-03-14T18:25:50-0700 lvl=info msg="join connections" obj=join id=f939735893ac l=[::1]:3001 r=[2600:8801:ca00:3c50:4902:c67c:df06:864a]:61651
t=2025-03-14T18:25:50-0700 lvl=info msg="join connections" obj=join id=02df27fe5dca l=[::1]:3001 r=[2600:8801:ca00:3c50:4902:c67c:df06:864a]:61651
t=2025-03-14T18:25:50-0700 lvl=info msg="join connections" obj=join id=acdf1688bf8d l=[::1]:3001 r=[2600:8801:ca00:3c50:4902:c67c:df06:864a]:61651
t=2025-03-14T18:25:50-0700 lvl=info msg="join connections" obj=join id=9d4383f1cbcd l=[::1]:3001 r=[2600:8801:ca00:3c50:4902:c67c:df06:864a]:61651
t=2025-03-14T18:25:50-0700 lvl=info msg="join connections" obj=join id=24cfbfcbca66 l=[::1]:3001 r=[2600:8801:ca00:3c50:4902:c67c:df06:864a]:61651
t=2025-03-14T18:25:50-0700 lvl=info msg="join connections" obj=join id=bdad08ee9e6d l=[::1]:3001 r=[2600:8801:ca00:3c50:4902:c67c:df06:864a]:61651
t=2025-03-14T18:25:50-0700 lvl=info msg="join connections" obj=join id=8f8207a5c162 l=[::1]:3001 r=[2600:8801:ca00:3c50:4902:c67c:df06:864a]:61651
t=2025-03-14T18:25:50-0700 lvl=info msg="join connections" obj=join id=f389779c8a31 l=[::1]:3001 r=[2600:8801:ca00:3c50:4902:c67c:df06:864a]:61654
t=2025-03-14T18:25:50-0700 lvl=info msg="join connections" obj=join id=7637c0030ba5 l=[::1]:3001 r=[2600:8801:ca00:3c50:4902:c67c:df06:864a]:61654
t=2025-03-14T18:25:50-0700 lvl=info msg="join connections" obj=join id=ce3b0f8dc179 l=[::1]:3001 r=[2600:8801:ca00:3c50:4902:c67c:df06:864a]:61654
t=2025-03-14T18:25:50-0700 lvl=info msg="join connections" obj=join id=8eb88f76f393 l=[::1]:3001 r=[2600:8801:ca00:3c50:4902:c67c:df06:864a]:61654
t=2025-03-14T18:25:50-0700 lvl=info msg="join connections" obj=join id=6a4b4feff22e l=[::1]:3001 r=[2600:8801:ca00:3c50:4902:c67c:df06:864a]:61654
t=2025-03-14T18:25:50-0700 lvl=info msg="join connections" obj=join id=3b8e61e5c41d l=[::1]:3001 r=[2600:8801:ca00:3c50:4902:c67c:df06:864a]:61654
t=2025-03-14T18:25:50-0700 lvl=info msg="join connections" obj=join id=12e93019ea20 l=[::1]:3001 r=[2600:8801:ca00:3c50:4902:c67c:df06:864a]:61661
t=2025-03-14T18:25:50-0700 lvl=info msg="join connections" obj=join id=87c8474f86f1 l=[::1]:3001 r=[2600:8801:ca00:3c50:4902:c67c:df06:864a]:61661
t=2025-03-14T18:25:50-0700 lvl=info msg="join connections" obj=join id=ca8cc9e6ab4a l=[::1]:3001 r=[2600:8801:ca00:3c50:4902:c67c:df06:864a]:61661
t=2025-03-14T18:25:50-0700 lvl=info msg="join connections" obj=join id=c9fe1b3cb322 l=[::1]:3001 r=[2600:8801:ca00:3c50:4902:c67c:df06:864a]:61661
t=2025-03-14T18:25:51-0700 lvl=info msg="join connections" obj=join id=59eb00476b48 l=[::1]:3001 r=[2600:8801:ca00:3c50:4902:c67c:df06:864a]:61661
t=2025-03-14T18:25:51-0700 lvl=info msg="join connections" obj=join id=f933f2946313 l=[::1]:3001 r=[2600:8801:ca00:3c50:4902:c67c:df06:864a]:61661
t=2025-03-14T18:25:51-0700 lvl=info msg="join connections" obj=join id=93ee9a4c51b1 l=[::1]:3001 r=[2600:8801:ca00:3c50:4902:c67c:df06:864a]:61661
t=2025-03-14T18:25:51-0700 lvl=info msg="join connections" obj=join id=6a29b5130944 l=[::1]:3001 r=[2600:8801:ca00:3c50:4902:c67c:df06:864a]:61661
t=2025-03-14T18:25:51-0700 lvl=info msg="join connections" obj=join id=d45430833fcf l=[::1]:3001 r=[2600:8801:ca00:3c50:4902:c67c:df06:864a]:61661
t=2025-03-14T18:25:51-0700 lvl=info msg="join connections" obj=join id=4984562f6384 l=[::1]:3001 r=[2600:8801:ca00:3c50:4902:c67c:df06:864a]:61661
t=2025-03-14T18:25:51-0700 lvl=info msg="join connections" obj=join id=05b4c986139b l=[::1]:3001 r=[2600:8801:ca00:3c50:4902:c67c:df06:864a]:61661
t=2025-03-14T18:25:51-0700 lvl=info msg="join connections" obj=join id=f5106c9e1b14 l=[::1]:3001 r=[2600:8801:ca00:3c50:4902:c67c:df06:864a]:61661
t=2025-03-14T18:25:51-0700 lvl=info msg="join connections" obj=join id=f50096f7163b l=[::1]:3001 r=[2600:8801:ca00:3c50:4902:c67c:df06:864a]:61661
t=2025-03-14T18:25:51-0700 lvl=info msg="join connections" obj=join id=c538820db51e l=[::1]:3001 r=[2600:8801:ca00:3c50:4902:c67c:df06:864a]:61661
t=2025-03-14T18:25:51-0700 lvl=info msg="join connections" obj=join id=83d72c3291c9 l=[::1]:3001 r=[2600:8801:ca00:3c50:4902:c67c:df06:864a]:61672
t=2025-03-14T18:25:51-0700 lvl=info msg="join connections" obj=join id=f3b407d78891 l=[::1]:3001 r=[2600:8801:ca00:3c50:4902:c67c:df06:864a]:61672
t=2025-03-14T18:25:51-0700 lvl=info msg="join connections" obj=join id=ff3282a9f993 l=[::1]:3001 r=[2600:8801:ca00:3c50:4902:c67c:df06:864a]:61672
t=2025-03-14T18:25:51-0700 lvl=info msg="join connections" obj=join id=852c834ed4c0 l=[::1]:3001 r=[2600:8801:ca00:3c50:4902:c67c:df06:864a]:61672
t=2025-03-14T18:25:52-0700 lvl=info msg="join connections" obj=join id=3bbd1da07183 l=[::1]:3001 r=[2600:8801:ca00:3c50:4902:c67c:df06:864a]:61672
t=2025-03-14T18:25:52-0700 lvl=info msg="join connections" obj=join id=ee1dc851a3f1 l=[::1]:3001 r=[2600:8801:ca00:3c50:4902:c67c:df06:864a]:61672
t=2025-03-14T18:25:52-0700 lvl=info msg="join connections" obj=join id=a30b033cfe68 l=[::1]:3001 r=[2600:8801:ca00:3c50:4902:c67c:df06:864a]:61672
t=2025-03-14T18:25:52-0700 lvl=info msg="join connections" obj=join id=6220cf65d5c2 l=[::1]:3001 r=[2600:8801:ca00:3c50:4902:c67c:df06:864a]:61672
t=2025-03-14T18:25:52-0700 lvl=info msg="join connections" obj=join id=9752cdb67ec5 l=[::1]:3001 r=[2600:8801:ca00:3c50:4902:c67c:df06:864a]:61672
t=2025-03-14T18:25:52-0700 lvl=info msg="join connections" obj=join id=5355f4b3d7bb l=[::1]:3001 r=[2600:8801:ca00:3c50:4902:c67c:df06:864a]:61672
t=2025-03-14T18:25:52-0700 lvl=info msg="join connections" obj=join id=325a753d0d42 l=[::1]:3001 r=[2600:8801:ca00:3c50:4902:c67c:df06:864a]:61672
t=2025-03-14T18:25:52-0700 lvl=info msg="join connections" obj=join id=9de5bbd62c21 l=[::1]:3001 r=[2600:8801:ca00:3c50:4902:c67c:df06:864a]:61672
t=2025-03-14T18:25:52-0700 lvl=info msg="join connections" obj=join id=f6f3b3db9e09 l=[::1]:3001 r=[2600:8801:ca00:3c50:4902:c67c:df06:864a]:61672
t=2025-03-14T18:25:52-0700 lvl=info msg="join connections" obj=join id=5e6271af69a6 l=[::1]:3001 r=[2600:8801:ca00:3c50:4902:c67c:df06:864a]:61672
t=2025-03-14T18:25:52-0700 lvl=info msg="join connections" obj=join id=2c7b2551b043 l=[::1]:3001 r=[2600:8801:ca00:3c50:4902:c67c:df06:864a]:61672
t=2025-03-14T18:25:52-0700 lvl=info msg="join connections" obj=join id=ceac9e216bba l=[::1]:3001 r=[2600:8801:ca00:3c50:4902:c67c:df06:864a]:61677
t=2025-03-14T18:25:52-0700 lvl=info msg="join connections" obj=join id=33be63a5e95c l=[::1]:3001 r=[2600:8801:ca00:3c50:4902:c67c:df06:864a]:61677
t=2025-03-14T18:25:52-0700 lvl=info msg="join connections" obj=join id=e3badec62400 l=[::1]:3001 r=[2600:8801:ca00:3c50:4902:c67c:df06:864a]:61677
t=2025-03-14T18:25:52-0700 lvl=info msg="join connections" obj=join id=b06ae407fa06 l=[::1]:3001 r=[2600:8801:ca00:3c50:4902:c67c:df06:864a]:61677
t=2025-03-14T18:25:53-0700 lvl=info msg="join connections" obj=join id=aca12ac12954 l=[::1]:3001 r=[2600:8801:ca00:3c50:4902:c67c:df06:864a]:61677
t=2025-03-14T18:25:53-0700 lvl=info msg="join connections" obj=join id=e6e91793154d l=[::1]:3001 r=[2600:8801:ca00:3c50:4902:c67c:df06:864a]:61677
t=2025-03-14T18:25:53-0700 lvl=info msg="join connections" obj=join id=69e7fa5e6e49 l=[::1]:3001 r=[2600:8801:ca00:3c50:4902:c67c:df06:864a]:61677
t=2025-03-14T18:25:53-0700 lvl=info msg="join connections" obj=join id=c9cd64d53c0a l=[::1]:3001 r=[2600:8801:ca00:3c50:4902:c67c:df06:864a]:61677
t=2025-03-14T18:25:53-0700 lvl=info msg="join connections" obj=join id=e0b14e876e6c l=[::1]:3001 r=[2600:8801:ca00:3c50:4902:c67c:df06:864a]:61677
t=2025-03-14T18:25:53-0700 lvl=info msg="join connections" obj=join id=44ac805a5ae2 l=[::1]:3001 r=[2600:8801:ca00:3c50:4902:c67c:df06:864a]:61677
t=2025-03-14T18:25:53-0700 lvl=info msg="join connections" obj=join id=b85160ac0423 l=[::1]:3001 r=[2600:8801:ca00:3c50:4902:c67c:df06:864a]:61677
t=2025-03-14T18:25:53-0700 lvl=info msg="join connections" obj=join id=918793b5b7c4 l=[::1]:3001 r=[2600:8801:ca00:3c50:4902:c67c:df06:864a]:61677
t=2025-03-14T18:25:53-0700 lvl=info msg="join connections" obj=join id=dc94ae50e8cb l=[::1]:3001 r=[2600:8801:ca00:3c50:4902:c67c:df06:864a]:61677
t=2025-03-14T18:25:53-0700 lvl=info msg="join connections" obj=join id=487046bf5f30 l=[::1]:3001 r=[2600:8801:ca00:3c50:4902:c67c:df06:864a]:61677
t=2025-03-14T18:25:53-0700 lvl=info msg="join connections" obj=join id=4a71f93ab3ad l=[::1]:3001 r=[2600:8801:ca00:3c50:4902:c67c:df06:864a]:61677
t=2025-03-14T18:25:53-0700 lvl=info msg="join connections" obj=join id=c366e08e9187 l=[::1]:3001 r=[2600:8801:ca00:3c50:4902:c67c:df06:864a]:61677
t=2025-03-14T18:25:53-0700 lvl=info msg="join connections" obj=join id=b52e6efea1f0 l=[::1]:3001 r=[2600:8801:ca00:3c50:4902:c67c:df06:864a]:61677
t=2025-03-14T18:25:54-0700 lvl=info msg="join connections" obj=join id=cfea292ec061 l=[::1]:3001 r=[2600:8801:ca00:3c50:4902:c67c:df06:864a]:61677
t=2025-03-14T18:25:54-0700 lvl=info msg="join connections" obj=join id=dc662ebe6672 l=[::1]:3001 r=[2600:8801:ca00:3c50:4902:c67c:df06:864a]:61677
t=2025-03-14T18:25:54-0700 lvl=info msg="join connections" obj=join id=373ef96489be l=[::1]:3001 r=[2600:8801:ca00:3c50:4902:c67c:df06:864a]:61677
t=2025-03-14T18:25:54-0700 lvl=info msg="join connections" obj=join id=e6c64f19515a l=[::1]:3001 r=[2600:8801:ca00:3c50:4902:c67c:df06:864a]:61677
t=2025-03-14T18:25:54-0700 lvl=info msg="join connections" obj=join id=bf3a8764de63 l=[::1]:3001 r=[2600:8801:ca00:3c50:4902:c67c:df06:864a]:61677
t=2025-03-14T18:25:54-0700 lvl=info msg="join connections" obj=join id=9dd44f440520 l=[::1]:3001 r=[2600:8801:ca00:3c50:4902:c67c:df06:864a]:61677
t=2025-03-14T18:25:54-0700 lvl=info msg="join connections" obj=join id=769d860b812a l=[::1]:3001 r=[2600:8801:ca00:3c50:4902:c67c:df06:864a]:61677
t=2025-03-14T18:25:54-0700 lvl=info msg="join connections" obj=join id=45911783c4bd l=[::1]:3001 r=[2600:8801:ca00:3c50:4902:c67c:df06:864a]:61677
t=2025-03-14T18:25:54-0700 lvl=info msg="join connections" obj=join id=23ad24ead016 l=[::1]:3001 r=[2600:8801:ca00:3c50:4902:c67c:df06:864a]:61677
t=2025-03-14T18:25:54-0700 lvl=info msg="join connections" obj=join id=9eb73ca9ea0e l=[::1]:3001 r=[2600:8801:ca00:3c50:4902:c67c:df06:864a]:61677
t=2025-03-14T18:25:54-0700 lvl=info msg="join connections" obj=join id=5371d2296bd8 l=[::1]:3001 r=[2600:8801:ca00:3c50:4902:c67c:df06:864a]:61677
t=2025-03-14T18:25:54-0700 lvl=info msg="join connections" obj=join id=b934f203f492 l=[::1]:3001 r=[2600:8801:ca00:3c50:4902:c67c:df06:864a]:61677
t=2025-03-14T18:25:54-0700 lvl=info msg="join connections" obj=join id=5b17cf97001e l=[::1]:3001 r=[2600:8801:ca00:3c50:4902:c67c:df06:864a]:61677
t=2025-03-14T18:25:54-0700 lvl=info msg="join connections" obj=join id=80773eb8a284 l=[::1]:3001 r=[2600:8801:ca00:3c50:4902:c67c:df06:864a]:61677
t=2025-03-14T18:25:54-0700 lvl=info msg="join connections" obj=join id=ccd43db54371 l=[::1]:3001 r=[2600:8801:ca00:3c50:4902:c67c:df06:864a]:61677
t=2025-03-14T18:25:54-0700 lvl=info msg="join connections" obj=join id=8221d323658d l=[::1]:3001 r=[2600:8801:ca00:3c50:4902:c67c:df06:864a]:61677
t=2025-03-14T18:25:54-0700 lvl=info msg="join connections" obj=join id=04959cd218e7 l=[::1]:3001 r=[2600:8801:ca00:3c50:4902:c67c:df06:864a]:61677
t=2025-03-14T18:25:54-0700 lvl=info msg="join connections" obj=join id=d93523e5def7 l=[::1]:3001 r=[2600:8801:ca00:3c50:4902:c67c:df06:864a]:61677
t=2025-03-14T18:25:54-0700 lvl=info msg="join connections" obj=join id=6de65226d595 l=[::1]:3001 r=[2600:8801:ca00:3c50:4902:c67c:df06:864a]:61677
t=2025-03-14T18:25:54-0700 lvl=info msg="join connections" obj=join id=16b3d1ab80fe l=[::1]:3001 r=[2600:8801:ca00:3c50:4902:c67c:df06:864a]:61677
t=2025-03-14T18:25:54-0700 lvl=info msg="join connections" obj=join id=efcdd43f184c l=[::1]:3001 r=[2600:8801:ca00:3c50:4902:c67c:df06:864a]:61677
t=2025-03-14T18:25:54-0700 lvl=info msg="join connections" obj=join id=4e08b29cd070 l=[::1]:3001 r=[2600:8801:ca00:3c50:4902:c67c:df06:864a]:61677
t=2025-03-14T18:25:54-0700 lvl=info msg="join connections" obj=join id=bc3e4fb6b278 l=[::1]:3001 r=[2600:8801:ca00:3c50:4902:c67c:df06:864a]:61677
t=2025-03-14T18:25:54-0700 lvl=info msg="join connections" obj=join id=a4789395f5d0 l=[::1]:3001 r=[2600:8801:ca00:3c50:4902:c67c:df06:864a]:61677
t=2025-03-14T18:25:54-0700 lvl=info msg="join connections" obj=join id=8fd9baf15df5 l=[::1]:3001 r=[2600:8801:ca00:3c50:4902:c67c:df06:864a]:61677
t=2025-03-14T18:25:54-0700 lvl=info msg="join connections" obj=join id=e54d82cbf59a l=[::1]:3001 r=[2600:8801:ca00:3c50:4902:c67c:df06:864a]:61677
t=2025-03-14T18:25:54-0700 lvl=info msg="join connections" obj=join id=d9837e651bc8 l=[::1]:3001 r=[2600:8801:ca00:3c50:4902:c67c:df06:864a]:61677
t=2025-03-14T18:25:58-0700 lvl=info msg="received stop request" obj=app stopReq="{err:<nil> restart:false}"
